<?xml version="1.0" encoding="UTF-8"?>
<queries>
    <query>
        <name>TEST_QUERY</name>
        <description>TEST_DESCRIPTION</description>
        <value>TEST_VALUE</value>
    </query>
</queries>